<?xml version="1.0" encoding="UTF-8"?>
<!-- Generated by org.testng.reporters.JUnitXMLReporter -->
<testsuite ignored="26" hostname="Shree" failures="0" tests="1" name="Test(failed)(failed)" time="145.616" errors="0" timestamp="2024-01-11T10:19:01 IST">
  <testcase classname="functions.live.A_testClass_create" name="createInfoEventByResourceSchedule" time="97.058"/>
  <testcase classname="functions.live.A_testClass_create" name="createInfoEventByAttributeSchedule" time="0.0">
    <ignored/>
  </testcase> <!-- createInfoEventByAttributeSchedule -->
  <testcase classname="functions.live.A_testClass_create" name="SendMassagetoARUsers" time="0.0">
    <ignored/>
  </testcase> <!-- SendMassagetoARUsers -->
  <testcase classname="functions.live.A_testClass_create" name="createAvailabilityRequestSendSchedule" time="0.0">
    <ignored/>
  </testcase> <!-- createAvailabilityRequestSendSchedule -->
  <testcase classname="functions.live.A_testClass_create" name="detailsAboutScript" time="0.0">
    <ignored/>
  </testcase> <!-- detailsAboutScript -->
  <testcase classname="functions.live.A_testClass_create" name="sendMassageToinfoUsers" time="0.0">
    <ignored/>
  </testcase> <!-- sendMassageToinfoUsers -->
  <testcase classname="functions.live.A_testClass_create" name="createForMonitor" time="0.0">
    <ignored/>
  </testcase> <!-- createForMonitor -->
  <testcase classname="functions.live.A_testClass_create" name="userDetails" time="0.0">
    <ignored/>
  </testcase> <!-- userDetails -->
  <testcase classname="functions.live.A_testClass_create" name="sendMassageToInfoEventUsers" time="0.0">
    <ignored/>
  </testcase> <!-- sendMassageToInfoEventUsers -->
  <testcase classname="functions.live.A_testClass_create" name="sendMassageToinfoEventUsers" time="0.0">
    <ignored/>
  </testcase> <!-- sendMassageToinfoEventUsers -->
  <testcase classname="functions.live.A_testClass_create" name="createManualAlarmByResource" time="0.0">
    <ignored/>
  </testcase> <!-- createManualAlarmByResource -->
  <testcase classname="functions.live.A_testClass_create" name="createManualAlarmByAttribute" time="0.0">
    <ignored/>
  </testcase> <!-- createManualAlarmByAttribute -->
  <testcase classname="functions.live.A_testClass_create" name="createAvailabilityRequestSendRecursive" time="0.0">
    <ignored/>
  </testcase> <!-- createAvailabilityRequestSendRecursive -->
  <testcase classname="functions.live.A_testClass_create" name="createInfoEventByResource" time="0.0">
    <ignored/>
  </testcase> <!-- createInfoEventByResource -->
  <testcase classname="functions.live.A_testClass_create" name="createManualAlarmByEscalationResource" time="0.0">
    <ignored/>
  </testcase> <!-- createManualAlarmByEscalationResource -->
  <testcase classname="functions.live.A_testClass_create" name="createTestAlarmByAttributeRecursiveMontlyDateWise" time="0.0">
    <ignored/>
  </testcase> <!-- createTestAlarmByAttributeRecursiveMontlyDateWise -->
  <testcase classname="functions.live.A_testClass_create" name="createInfoEventByFighterSchedule" time="0.0">
    <ignored/>
  </testcase> <!-- createInfoEventByFighterSchedule -->
  <testcase classname="functions.live.A_testClass_create" name="createInformationByResource" time="0.0">
    <ignored/>
  </testcase> <!-- createInformationByResource -->
  <testcase classname="functions.live.A_testClass_create" name="sendMassageToAlarmUser" time="0.0">
    <ignored/>
  </testcase> <!-- sendMassageToAlarmUser -->
  <testcase classname="functions.live.A_testClass_create" name="createInformationByAttribute" time="0.0">
    <ignored/>
  </testcase> <!-- createInformationByAttribute -->
  <testcase classname="functions.live.A_testClass_create" name="createAvailabilityRequestSendImmediat" time="0.0">
    <ignored/>
  </testcase> <!-- createAvailabilityRequestSendImmediat -->
  <testcase classname="functions.live.A_testClass_create" name="createInfoEventByFirefighter" time="0.0">
    <ignored/>
  </testcase> <!-- createInfoEventByFirefighter -->
  <testcase classname="functions.live.A_testClass_create" name="createInfoEventByAttribute" time="0.0">
    <ignored/>
  </testcase> <!-- createInfoEventByAttribute -->
  <testcase classname="functions.live.A_testClass_create" name="createInformationByFirefighter" time="0.0">
    <ignored/>
  </testcase> <!-- createInformationByFirefighter -->
  <testcase classname="functions.live.A_testClass_create" name="createAvailabilityRequestSendMultipleDays" time="0.0">
    <ignored/>
  </testcase> <!-- createAvailabilityRequestSendMultipleDays -->
  <testcase classname="functions.live.A_testClass_create" name="createManualAlarmByFireFighte" time="0.0">
    <ignored/>
  </testcase> <!-- createManualAlarmByFireFighte -->
  <testcase classname="functions.live.A_testClass_create" name="extendAlarmToSecondStation" time="0.0">
    <ignored/>
  </testcase> <!-- extendAlarmToSecondStation -->
</testsuite> <!-- Test(failed)(failed) -->
