<?xml version="1.0" encoding="UTF-8"?>
<!-- Generated by org.testng.reporters.JUnitXMLReporter -->
<testsuite ignored="7" hostname="Shree" failures="0" tests="16" name="Test" time="1166.555" errors="0" timestamp="2024-01-09T20:01:15 IST">
  <testcase classname="functions.live.A_testClass_create" name="userDetails" time="0.016"/>
  <testcase classname="functions.live.A_testClass_create" name="createForMonitor" time="75.295"/>
  <testcase classname="functions.live.A_testClass_create" name="createInfoEventByAttributeSchedule" time="95.226"/>
  <testcase classname="functions.live.A_testClass_create" name="createInfoEventByResourceSchedule" time="94.595"/>
  <testcase classname="functions.live.A_testClass_create" name="createInfoEventByFighterSchedule" time="97.464"/>
  <testcase classname="functions.live.A_testClass_create" name="createTestAlarmByAttributeRecursiveMontlyDateWise" time="91.161"/>
  <testcase classname="functions.live.A_testClass_create" name="createAvailabilityRequestSendImmediat" time="81.082"/>
  <testcase classname="functions.live.A_testClass_create" name="createInformationByAttribute" time="52.771"/>
  <testcase classname="functions.live.A_testClass_create" name="createInformationByResource" time="52.993"/>
  <testcase classname="functions.live.A_testClass_create" name="createInformationByFirefighter" time="54.948"/>
  <testcase classname="functions.live.A_testClass_create" name="sendMassageToinfoUsers" time="23.794"/>
  <testcase classname="functions.live.A_testClass_create" name="createInfoEventByAttribute" time="81.628"/>
  <testcase classname="functions.live.A_testClass_create" name="createInfoEventByResource" time="77.165"/>
  <testcase classname="functions.live.A_testClass_create" name="createInfoEventByFirefighter" time="80.553"/>
  <testcase classname="functions.live.A_testClass_create" name="sendMassageToinfoEventUsers" time="23.646"/>
  <testcase classname="functions.live.A_testClass_create" name="detailsAboutScript" time="0.001"/>
  <testcase classname="functions.live.A_testClass_create" name="sendMassageToInfoEventUsers" time="0.0">
    <ignored/>
  </testcase> <!-- sendMassageToInfoEventUsers -->
  <testcase classname="functions.live.A_testClass_create" name="extendAlarmToSecondStation" time="0.0">
    <ignored/>
  </testcase> <!-- extendAlarmToSecondStation -->
  <testcase classname="functions.live.A_testClass_create" name="sendMassageToAlarmUser" time="0.0">
    <ignored/>
  </testcase> <!-- sendMassageToAlarmUser -->
  <testcase classname="functions.live.A_testClass_create" name="createManualAlarmByResource" time="0.0">
    <ignored/>
  </testcase> <!-- createManualAlarmByResource -->
  <testcase classname="functions.live.A_testClass_create" name="createManualAlarmByFireFighte" time="0.0">
    <ignored/>
  </testcase> <!-- createManualAlarmByFireFighte -->
  <testcase classname="functions.live.A_testClass_create" name="createManualAlarmByAttribute" time="0.0">
    <ignored/>
  </testcase> <!-- createManualAlarmByAttribute -->
  <testcase classname="functions.live.A_testClass_create" name="createManualAlarmByEscalationResource" time="0.0">
    <ignored/>
  </testcase> <!-- createManualAlarmByEscalationResource -->
</testsuite> <!-- Test -->
